<?xml version="1.0" encoding="UTF-8"?>
<testng-results skipped="0" failed="0" ignored="0" total="1" passed="1">
  <reporter-output>
  </reporter-output>
  <suite name="Default suite" duration-ms="1779" started-at="2022-06-05T06:45:42Z" finished-at="2022-06-05T06:45:44Z">
    <groups>
    </groups>
    <test name="Default test" duration-ms="1779" started-at="2022-06-05T06:45:42Z" finished-at="2022-06-05T06:45:44Z">
      <class name="APIChaining.EndToEndTest">
        <test-method status="PASS" signature="test1()[pri:0, instance:APIChaining.EndToEndTest@569cfc36]" name="test1" duration-ms="1750" started-at="2022-06-05T06:45:43Z" finished-at="2022-06-05T06:45:44Z">
          <reporter-output>
          </reporter-output>
        </test-method> <!-- test1 -->
      </class> <!-- APIChaining.EndToEndTest -->
    </test> <!-- Default test -->
  </suite> <!-- Default suite -->
</testng-results>
